<?xml version="1.0" encoding="UTF-8"?>
<!-- Generated by org.testng.reporters.JUnitReportReporter -->
<testsuite hostname="DESKTOP-A13GOSL" failures="0" tests="3" name="Projects.Sample.Fetchlink" time="18.378" errors="0" timestamp="2024-03-23T19:45:42 IST" skipped="0">
  <testcase classname="Projects.Sample.Fetchlink" name="testSpecificLinkAvailability" time="0.501"/>
  <testcase classname="Projects.Sample.Fetchlink" name="testSpecificLinkAvailability2" time="0.164"/>
  <testcase classname="Projects.Sample.Fetchlink" name="testFetchAllLinks" time="17.713"/>
</testsuite> <!-- Projects.Sample.Fetchlink -->
